
25-01-2023 14:51:25 - excep - ERROR - check_natural_num - incorrect values
25-01-2023 15:38:59 - excep - ERROR - check_natural_num - incorrect values
25-01-2023 15:39:02 - excep - ERROR - check_natural_num - incorrect values
25-01-2023 15:39:04 - excep - ERROR - check_natural_num - incorrect values
25-01-2023 15:40:58 - excep - ERROR - check_natural_num - incorrect values
25-01-2023 15:41:01 - excep - ERROR - check_natural_num - incorrect values
25-01-2023 15:41:03 - excep - ERROR - check_natural_num - incorrect values
25-01-2023 15:47:30 - excep - ERROR - check_real_num - incorrect values
25-01-2023 15:48:39 - excep - ERROR - check_real_num - incorrect values
25-01-2023 15:48:41 - excep - ERROR - check_real_num - incorrect values
25-01-2023 15:48:43 - excep - ERROR - check_real_num - incorrect values
25-01-2023 17:56:24 - user_interface - INFO - menu_compl - select complex number
25-01-2023 17:57:15 - user_interface - INFO - menu_ra - select rational number
25-01-2023 18:02:15 - user_interface - INFO - menu_compl - select complex number
25-01-2023 18:03:00 - user_interface - INFO - menu_compl - select complex number
25-01-2023 18:17:40 - user_interface - INFO - menu_compl - select complex number
25-01-2023 18:24:39 - user_interface - INFO - menu_compl - select complex number
25-01-2023 18:25:47 - user_interface - INFO - menu_ra - select rational number
25-01-2023 18:37:17 - user_interface - INFO - menu_compl - select complex number
25-01-2023 18:39:34 - excep - ERROR - check_real_num - incorrect values
25-01-2023 18:40:43 - user_interface - INFO - menu_compl - select complex number
25-01-2023 18:42:04 - user_interface - INFO - menu_compl - select complex number
25-01-2023 18:44:47 - user_interface - INFO - menu_compl - select complex number
25-01-2023 19:04:54 - user_interface - INFO - menu_compl - select complex number
25-01-2023 23:47:21 - user_interface - INFO - menu_compl - select complex number
25-01-2023 23:59:29 - user_interface - INFO - menu_compl - select complex number
26-01-2023 00:02:08 - user_interface - INFO - menu_compl - select complex number
26-01-2023 00:05:12 - user_interface - INFO - menu_compl - select complex number
26-01-2023 00:06:38 - user_interface - INFO - menu_compl - select complex number
26-01-2023 00:06:59 - user_interface - INFO - menu_compl - select complex number
26-01-2023 00:14:08 - user_interface - INFO - menu_compl - select complex number
26-01-2023 00:22:28 - user_interface - INFO - menu_compl - select complex number
26-01-2023 00:23:38 - user_interface - INFO - menu_compl - select complex number
26-01-2023 00:25:42 - user_interface - INFO - menu_compl - select complex number
26-01-2023 00:30:28 - user_interface - INFO - menu_compl - select complex number
26-01-2023 00:36:49 - user_interface - INFO - menu_compl - select complex number
26-01-2023 00:37:53 - user_interface - INFO - menu_compl - select complex number
26-01-2023 00:41:13 - user_interface - INFO - menu_compl - select complex number
26-01-2023 00:42:00 - user_interface - INFO - menu_compl - select complex number
26-01-2023 00:43:20 - user_interface - INFO - menu_compl - select complex number
26-01-2023 00:53:30 - user_interface - INFO - menu_ra - select rational number
26-01-2023 00:56:03 - excep - ERROR - check_natural_num - incorrect values
26-01-2023 00:56:35 - excep - ERROR - check_natural_num - incorrect values
26-01-2023 00:56:50 - excep - ERROR - check_natural_num - incorrect values
26-01-2023 01:11:23 - user_interface - INFO - menu - Start calc
26-01-2023 01:11:29 - user_interface - INFO - menu_ra - selected operations with rational numbers
26-01-2023 01:11:32 - excep - INFO - rat_num - given rational number
26-01-2023 01:11:34 - excep - INFO - rat_num - given rational number
26-01-2023 01:11:34 - mod_calc - INFO - mul_num - multiplication operation
26-01-2023 01:12:51 - user_interface - INFO - menu - Start calc
26-01-2023 01:12:52 - user_interface - INFO - menu - exit calc
26-01-2023 01:13:17 - user_interface - INFO - menu - Start calc
26-01-2023 01:13:20 - user_interface - INFO - menu_compl - selected operations with complex numbers
26-01-2023 01:13:23 - excep - INFO - comp_num - given complex number
26-01-2023 01:13:26 - excep - INFO - comp_num - given complex number
26-01-2023 01:13:26 - mod_calc - INFO - sub_num - operation difference of numbers
