07-02-2023 00:08:39 - api - DEBUG - check_result - Response for getUpdates: [200] "'{"ok":true,"result":[]}'"
07-02-2023 00:08:39 - api - DEBUG - make_request - Make request: "getUpdates" with data: "{'offset': 71811498, 'timeout': 20}" and files "None"
07-02-2023 00:08:44 - proactor_events - DEBUG - __init__ - Using proactor: IocpProactor
07-02-2023 00:08:44 - api - DEBUG - make_request - Make request: "getMe" with data: "{}" and files "None"
07-02-2023 00:08:45 - api - DEBUG - check_result - Response for getMe: [200] "'{"ok":true,"result":{"id":5860530990,"is_bot":true,"first_name":"\\u0413\\u0435\\u0448 \\u0431\\u043e\\u0442","username":"Geshik06022023_bot","can_join_groups":true,"can_read_all_group_messages":false,"supports_inline_queries":false}}'"
07-02-2023 00:08:45 - executor - INFO - _welcome - Bot: Геш бот [@Geshik06022023_bot]
07-02-2023 00:08:45 - api - DEBUG - make_request - Make request: "getWebhookInfo" with data: "{}" and files "None"
07-02-2023 00:08:45 - api - DEBUG - check_result - Response for getWebhookInfo: [200] "'{"ok":true,"result":{"url":"","has_custom_certificate":false,"pending_update_count":0}}'"
07-02-2023 00:08:45 - api - DEBUG - make_request - Make request: "deleteWebhook" with data: "{'drop_pending_updates': True}" and files "None"
07-02-2023 00:08:45 - api - DEBUG - check_result - Response for deleteWebhook: [200] "'{"ok":true,"result":true,"description":"Webhook is already deleted"}'"
07-02-2023 00:08:45 - executor - WARNING - _skip_updates - Updates were skipped successfully.
07-02-2023 00:08:45 - dispatcher - INFO - start_polling - Start polling.
07-02-2023 00:08:45 - api - DEBUG - make_request - Make request: "getWebhookInfo" with data: "{}" and files "None"
07-02-2023 00:08:45 - api - DEBUG - check_result - Response for getWebhookInfo: [200] "'{"ok":true,"result":{"url":"","has_custom_certificate":false,"pending_update_count":0}}'"
07-02-2023 00:08:45 - api - DEBUG - make_request - Make request: "getUpdates" with data: "{'timeout': 20}" and files "None"
07-02-2023 00:08:59 - api - DEBUG - check_result - Response for getUpdates: [200] "'{"ok":true,"result":[{"update_id":71811498,\n"message":{"message_id":78,"from":{"id":2111060142,"is_bot":false,"first_name":"\\u0412\\u0430\\u0441\\u0438\\u043b\\u0438\\u0439","username":"SVasiliu","language_code":"ru"},"chat":{"id":2111060142,"first_name":"\\u0412\\u0430\\u0441\\u0438\\u043b\\u0438\\u0439","username":"SVasiliu","type":"private"},"date":1675703338,"text":"/start","entities":[{"offset":0,"length":6,"type":"bot_command"}]}}]}'"
07-02-2023 00:08:59 - dispatcher - DEBUG - start_polling - Received 1 updates.
07-02-2023 00:08:59 - main - INFO - start_command - Start bot
07-02-2023 00:08:59 - api - DEBUG - make_request - Make request: "sendMessage" with data: "{'chat_id': 2111060142, 'text': 'Добро пожаловать в меню с полезными ссылками', 'reply_markup': '{"keyboard": [[{"text": "/Link"}]], "resize_keyboard": true, "one_time_keyboard": true}'}" and files "None"
07-02-2023 00:08:59 - api - DEBUG - make_request - Make request: "getUpdates" with data: "{'offset': 71811499, 'timeout': 20}" and files "None"
07-02-2023 00:08:59 - api - DEBUG - check_result - Response for sendMessage: [200] "'{"ok":true,"result":{"message_id":79,"from":{"id":5860530990,"is_bot":true,"first_name":"\\u0413\\u0435\\u0448 \\u0431\\u043e\\u0442","username":"Geshik06022023_bot"},"chat":{"id":2111060142,"first_name":"\\u0412\\u0430\\u0441\\u0438\\u043b\\u0438\\u0439","username":"SVasiliu","type":"private"},"date":1675703339,"text":"\\u0414\\u043e\\u0431\\u0440\\u043e \\u043f\\u043e\\u0436\\u0430\\u043b\\u043e\\u0432\\u0430\\u0442\\u044c \\u0432 \\u043c\\u0435\\u043d\\u044e \\u0441 \\u043f\\u043e\\u043b\\u0435\\u0437\\u043d\\u044b\\u043c\\u0438 \\u0441\\u0441\\u044b\\u043b\\u043a\\u0430\\u043c\\u0438"}}'"
07-02-2023 00:09:00 - api - DEBUG - check_result - Response for getUpdates: [200] "'{"ok":true,"result":[{"update_id":71811499,\n"message":{"message_id":80,"from":{"id":2111060142,"is_bot":false,"first_name":"\\u0412\\u0430\\u0441\\u0438\\u043b\\u0438\\u0439","username":"SVasiliu","language_code":"ru"},"chat":{"id":2111060142,"first_name":"\\u0412\\u0430\\u0441\\u0438\\u043b\\u0438\\u0439","username":"SVasiliu","type":"private"},"date":1675703340,"text":"/Link","entities":[{"offset":0,"length":5,"type":"bot_command"}]}}]}'"
07-02-2023 00:09:00 - dispatcher - DEBUG - start_polling - Received 1 updates.
07-02-2023 00:09:00 - main - INFO - links_command - select Link
07-02-2023 00:09:00 - api - DEBUG - make_request - Make request: "sendMessage" with data: "{'chat_id': 2111060142, 'text': 'Выберите ссылку...', 'reply_markup': '{"inline_keyboard": [[{"text": "Вэб камеры", "url": "https://egegesh.ru/online/sheregesh-kaskad-gora"}], [{"text": "Погода", "url": "https://egegesh.ru/weather"}], [{"text": "Схема трасс", "url": "https://www.sheregesh.su/skhema-gornolyzhnykh-trass-v-sheregeshe"}], [{"text": "Шерегеш в VK", "url": "https://vk.com/gesh_info"}]]}'}" and files "None"
07-02-2023 00:09:01 - api - DEBUG - make_request - Make request: "getUpdates" with data: "{'offset': 71811500, 'timeout': 20}" and files "None"
07-02-2023 00:09:01 - api - DEBUG - check_result - Response for sendMessage: [200] "'{"ok":true,"result":{"message_id":81,"from":{"id":5860530990,"is_bot":true,"first_name":"\\u0413\\u0435\\u0448 \\u0431\\u043e\\u0442","username":"Geshik06022023_bot"},"chat":{"id":2111060142,"first_name":"\\u0412\\u0430\\u0441\\u0438\\u043b\\u0438\\u0439","username":"SVasiliu","type":"private"},"date":1675703341,"text":"\\u0412\\u044b\\u0431\\u0435\\u0440\\u0438\\u0442\\u0435 \\u0441\\u0441\\u044b\\u043b\\u043a\\u0443...","reply_markup":{"inline_keyboard":[[{"text":"\\u0412\\u044d\\u0431 \\u043a\\u0430\\u043c\\u0435\\u0440\\u044b","url":"https://egegesh.ru/online/sheregesh-kaskad-gora"}],[{"text":"\\u041f\\u043e\\u0433\\u043e\\u0434\\u0430","url":"https://egegesh.ru/weather"}],[{"text":"\\u0421\\u0445\\u0435\\u043c\\u0430 \\u0442\\u0440\\u0430\\u0441\\u0441","url":"https://www.sheregesh.su/skhema-gornolyzhnykh-trass-v-sheregeshe"}],[{"text":"\\u0428\\u0435\\u0440\\u0435\\u0433\\u0435\\u0448 \\u0432 VK","url":"https://vk.com/gesh_info"}]]}}}'"
07-02-2023 00:09:21 - api - DEBUG - check_result - Response for getUpdates: [200] "'{"ok":true,"result":[]}'"
07-02-2023 00:09:21 - api - DEBUG - make_request - Make request: "getUpdates" with data: "{'offset': 71811500, 'timeout': 20}" and files "None"
07-02-2023 00:09:41 - api - DEBUG - check_result - Response for getUpdates: [200] "'{"ok":true,"result":[]}'"
07-02-2023 00:09:41 - api - DEBUG - make_request - Make request: "getUpdates" with data: "{'offset': 71811500, 'timeout': 20}" and files "None"
