2023-02-10T15:56:44.354224+0700 - DEBUG - Не верный ввод пользователем
2023-02-10T15:56:44.369206+0700 - DEBUG - Не верный ввод пользователем
2023-02-10T15:57:05.002090+0700 - DEBUG - Пользователь ввел X Ходит игрок
2023-02-10T15:57:17.715136+0700 - DEBUG - Пользователь ввел O Ходит игрок
2023-02-10T15:57:24.063052+0700 - DEBUG - Пользователь ввел X Ходит игрок
2023-02-10T15:57:26.442262+0700 - DEBUG - Занятые позиции {1: '⭕', 2: '2', 3: '3', 4: '4', 5: '❌', 6: '⭕', 7: '❌', 8: '8', 9: '9'}
2023-02-10T15:57:26.443569+0700 - DEBUG - Пользователь ввел O Ходит игрок
2023-02-10T15:57:28.709747+0700 - DEBUG - Занятые позиции {1: '⭕', 2: '2', 3: '⭕', 4: '4', 5: '❌', 6: '⭕', 7: '❌', 8: '8', 9: '9'}
2023-02-10T15:57:28.710746+0700 - DEBUG - Пользователь ввел X Ходит игрок
2023-02-10T15:57:31.531648+0700 - DEBUG - Занятые позиции {1: '⭕', 2: '2', 3: '⭕', 4: '4', 5: '❌', 6: '⭕', 7: '❌', 8: '8', 9: '❌'}
2023-02-10T15:57:31.535644+0700 - DEBUG - Пользователь ввел O Ходит игрок
2023-02-10T15:57:37.411052+0700 - DEBUG - Занятые позиции {1: '⭕', 2: '2', 3: '⭕', 4: '4', 5: '❌', 6: '⭕', 7: '❌', 8: '⭕', 9: '❌'}
2023-02-10T15:57:37.412050+0700 - DEBUG - Пользователь ввел X Ходит игрок
2023-02-10T15:57:39.395019+0700 - DEBUG - Занятые позиции {1: '⭕', 2: '❌', 3: '⭕', 4: '4', 5: '❌', 6: '⭕', 7: '❌', 8: '⭕', 9: '❌'}
2023-02-10T15:57:39.397016+0700 - DEBUG - Пользователь ввел O Ходит игрок
2023-02-10T15:57:41.385049+0700 - DEBUG - Занятые позиции {1: '⭕', 2: '❌', 3: '⭕', 4: '⭕', 5: '❌', 6: '⭕', 7: '❌', 8: '⭕', 9: '❌'}
2023-02-10T15:57:43.846338+0700 - DEBUG - Пользователь ввел X Ходит игрок
2023-02-10T15:58:03.796533+0700 - DEBUG - Пользователь ввел O Ходит игрок
2023-02-10T15:58:06.782265+0700 - DEBUG - Пользователь ввел X Ходит игрок
2023-02-10T15:58:11.306124+0700 - DEBUG - Пользователь ввел O Ходит игрок
2023-02-10T15:58:20.148483+0700 - DEBUG - Занятые позиции {1: '⭕', 2: '2', 3: '⭕', 4: '4', 5: '❌', 6: '6', 7: '7', 8: '8', 9: '❌'}
2023-02-10T15:58:20.150481+0700 - DEBUG - Пользователь ввел X Ходит игрок
2023-02-10T15:58:22.261184+0700 - DEBUG - Занятые позиции {1: '⭕', 2: '❌', 3: '⭕', 4: '4', 5: '❌', 6: '6', 7: '7', 8: '8', 9: '❌'}
2023-02-10T15:58:22.263181+0700 - DEBUG - Пользователь ввел O Ходит игрок
2023-02-10T15:58:23.889565+0700 - DEBUG - Занятые позиции {1: '⭕', 2: '❌', 3: '⭕', 4: '4', 5: '❌', 6: '6', 7: '7', 8: '⭕', 9: '❌'}
2023-02-10T15:58:23.891562+0700 - DEBUG - Пользователь ввел X Ходит игрок
2023-02-10T15:58:30.636021+0700 - DEBUG - Занятые позиции {1: '⭕', 2: '❌', 3: '⭕', 4: '4', 5: '❌', 6: '6', 7: '❌', 8: '⭕', 9: '❌'}
2023-02-10T15:58:30.639704+0700 - DEBUG - Пользователь ввел O Ходит игрок
2023-02-10T15:58:38.857162+0700 - DEBUG - Занятые позиции {1: '⭕', 2: '❌', 3: '⭕', 4: '⭕', 5: '❌', 6: '6', 7: '❌', 8: '⭕', 9: '❌'}
2023-02-10T15:58:38.858161+0700 - DEBUG - Пользователь ввел X Ходит игрок
2023-02-10T15:58:40.380477+0700 - DEBUG - Занятые позиции {1: '⭕', 2: '❌', 3: '⭕', 4: '⭕', 5: '❌', 6: '❌', 7: '❌', 8: '⭕', 9: '❌'}
2023-02-10T15:58:42.779577+0700 - DEBUG - Пользователь ввел O Ходит игрок
2023-02-10T15:58:46.814263+0700 - DEBUG - Пользователь ввел X Ходит игрок
2023-02-10T15:58:48.032146+0700 - DEBUG - Пользователь ввел O Ходит игрок
2023-02-10T15:58:49.922197+0700 - DEBUG - Пользователь ввел X Ходит игрок
2023-02-10T15:58:52.901909+0700 - DEBUG - Занятые позиции {1: '1', 2: '❌', 3: '❌', 4: '4', 5: '⭕', 6: '6', 7: '7', 8: '8', 9: '⭕'}
2023-02-10T15:58:52.903908+0700 - DEBUG - Пользователь ввел O Ходит игрок
2023-02-10T15:58:54.292408+0700 - DEBUG - Занятые позиции {1: '⭕', 2: '❌', 3: '❌', 4: '4', 5: '⭕', 6: '6', 7: '7', 8: '8', 9: '⭕'}
2023-02-10T15:58:54.297796+0700 - DEBUG - Занятые позиции {1: '⭕', 2: '❌', 3: '❌', 4: '4', 5: '⭕', 6: '6', 7: '7', 8: '8', 9: '⭕'}
2023-02-10T15:58:56.707707+0700 - DEBUG - Пользователь ввел X Ходит игрок
2023-02-10T16:00:21.446095+0700 - DEBUG - Пользователь ввел X Ходит игрок
2023-02-10T16:00:23.197320+0700 - DEBUG - Пользователь ввел O Ходит игрок
2023-02-10T16:00:25.162291+0700 - DEBUG - Пользователь ввел X Ходит игрок
2023-02-10T16:00:26.977035+0700 - DEBUG - Занятые позиции {1: '⭕', 2: '2', 3: '⭕', 4: '4', 5: '❌', 6: '6', 7: '❌', 8: '8', 9: '9'}
2023-02-10T16:00:26.982749+0700 - DEBUG - Пользователь ввел O Ходит игрок
2023-02-10T16:00:28.947184+0700 - DEBUG - Занятые позиции {1: '⭕', 2: '⭕', 3: '⭕', 4: '4', 5: '❌', 6: '6', 7: '❌', 8: '8', 9: '9'}
2023-02-10T16:00:28.950398+0700 - DEBUG - Занятые позиции {1: '⭕', 2: '⭕', 3: '⭕', 4: '4', 5: '❌', 6: '6', 7: '❌', 8: '8', 9: '9'}
2023-02-10T16:00:31.502057+0700 - DEBUG - Пользователь ввел X Ходит игрок
2023-02-10T16:03:58.217259+0700 - DEBUG - Пользователь ввел O Ходит игрок
2023-02-10T16:04:02.007239+0700 - DEBUG - Пользователь ввел X Ходит игрок
2023-02-10T16:04:05.832014+0700 - DEBUG - Пользователь ввел O Ходит игрок
2023-02-10T16:04:07.992101+0700 - DEBUG - Занятые позиции {1: '1', 2: '2', 3: '❌', 4: '4', 5: '⭕', 6: '❌', 7: '7', 8: '8', 9: '⭕'}
2023-02-10T16:04:07.996886+0700 - DEBUG - Пользователь ввел X Ходит игрок
2023-02-10T16:04:11.847178+0700 - DEBUG - Занятые позиции {1: '❌', 2: '2', 3: '❌', 4: '4', 5: '⭕', 6: '❌', 7: '7', 8: '8', 9: '⭕'}
2023-02-10T16:04:11.851097+0700 - DEBUG - Пользователь ввел O Ходит игрок
2023-02-10T16:04:14.402015+0700 - DEBUG - Занятые позиции {1: '❌', 2: '⭕', 3: '❌', 4: '4', 5: '⭕', 6: '❌', 7: '7', 8: '8', 9: '⭕'}
2023-02-10T16:04:14.405512+0700 - DEBUG - Пользователь ввел X Ходит игрок
2023-02-10T16:04:16.482151+0700 - DEBUG - Занятые позиции {1: '❌', 2: '⭕', 3: '❌', 4: '4', 5: '⭕', 6: '❌', 7: '7', 8: '❌', 9: '⭕'}
2023-02-10T16:04:16.488701+0700 - DEBUG - Пользователь ввел O Ходит игрок
2023-02-10T16:04:19.996418+0700 - DEBUG - Занятые позиции {1: '❌', 2: '⭕', 3: '❌', 4: '⭕', 5: '⭕', 6: '❌', 7: '7', 8: '❌', 9: '⭕'}
2023-02-10T16:04:20.001088+0700 - DEBUG - Пользователь ввел X Ходит игрок
2023-02-10T16:04:21.755382+0700 - DEBUG - Занятые позиции {1: '❌', 2: '⭕', 3: '❌', 4: '⭕', 5: '⭕', 6: '❌', 7: '❌', 8: '❌', 9: '⭕'}
2023-02-10T16:04:27.637029+0700 - DEBUG - Пользователь ввел O Ходит игрок
2023-02-10T16:04:29.747229+0700 - DEBUG - Пользователь ввел X Ходит игрок
2023-02-10T16:04:32.077385+0700 - DEBUG - Пользователь ввел O Ходит игрок
2023-02-10T16:04:34.488854+0700 - DEBUG - Занятые позиции {1: '⭕', 2: '2', 3: '3', 4: '4', 5: '❌', 6: '⭕', 7: '7', 8: '8', 9: '❌'}
2023-02-10T16:04:34.495911+0700 - DEBUG - Пользователь ввел X Ходит игрок
2023-02-10T16:04:40.334239+0700 - DEBUG - Занятые позиции {1: '⭕', 2: '2', 3: '3', 4: '4', 5: '❌', 6: '⭕', 7: '❌', 8: '8', 9: '❌'}
2023-02-10T16:04:40.342995+0700 - DEBUG - Пользователь ввел O Ходит игрок
2023-02-10T16:04:44.501912+0700 - DEBUG - Занятые позиции {1: '⭕', 2: '2', 3: '⭕', 4: '4', 5: '❌', 6: '⭕', 7: '❌', 8: '8', 9: '❌'}
2023-02-10T16:04:44.508846+0700 - DEBUG - Пользователь ввел X Ходит игрок
2023-02-10T16:04:46.736965+0700 - DEBUG - Занятые позиции {1: '⭕', 2: '2', 3: '⭕', 4: '4', 5: '❌', 6: '⭕', 7: '❌', 8: '❌', 9: '❌'}
2023-02-10T16:04:46.743223+0700 - DEBUG - Занятые позиции {1: '⭕', 2: '2', 3: '⭕', 4: '4', 5: '❌', 6: '⭕', 7: '❌', 8: '❌', 9: '❌'}
