04-02-2023 14:08:42 - user_interface - INFO - menu - Start info sistem
04-02-2023 14:08:49 - user_interface - INFO - menu - menu staff
04-02-2023 14:09:18 - user_interface - INFO - menu - Start info sistem
04-02-2023 14:09:19 - user_interface - ERROR - menu - incorrect values
04-02-2023 14:09:21 - user_interface - ERROR - menu - incorrect values
04-02-2023 14:09:26 - user_interface - ERROR - menu - incorrect values
04-02-2023 14:09:27 - user_interface - ERROR - menu - incorrect values
04-02-2023 14:09:28 - user_interface - ERROR - menu - incorrect values
04-02-2023 14:09:28 - user_interface - ERROR - menu - incorrect values
04-02-2023 14:09:31 - user_interface - INFO - menu - menu customer record
04-02-2023 14:09:34 - user_interface - INFO - menu - Start info sistem
04-02-2023 14:09:36 - user_interface - INFO - menu - menu staff
04-02-2023 14:09:38 - user_interface - ERROR - staff_list - incorrect values
04-02-2023 14:09:57 - user_interface - INFO - menu - Start info sistem
04-02-2023 14:10:00 - user_interface - INFO - menu - menu staff
04-02-2023 14:10:02 - user_interface - INFO - menu - Start info sistem
04-02-2023 14:10:03 - user_interface - ERROR - menu - incorrect values
04-02-2023 14:10:05 - user_interface - ERROR - menu - incorrect values
04-02-2023 14:10:06 - user_interface - ERROR - menu - incorrect values
04-02-2023 14:10:08 - user_interface - ERROR - menu - incorrect values
04-02-2023 14:10:10 - user_interface - INFO - menu - menu service
04-02-2023 14:10:14 - user_interface - INFO - menu - Start info sistem
04-02-2023 14:10:16 - user_interface - ERROR - menu - incorrect values
04-02-2023 14:10:58 - user_interface - INFO - menu - Start info sistem
04-02-2023 14:11:00 - user_interface - ERROR - menu - incorrect values
04-02-2023 14:11:02 - user_interface - ERROR - menu - incorrect values
04-02-2023 14:11:02 - user_interface - ERROR - menu - incorrect values
04-02-2023 14:11:04 - user_interface - INFO - menu - menu staff
04-02-2023 14:11:28 - user_interface - INFO - menu - Start info sistem
04-02-2023 14:11:30 - user_interface - ERROR - menu - incorrect values
04-02-2023 14:53:15 - user_interface - ERROR - menu - incorrect values
04-02-2023 14:53:17 - user_interface - ERROR - menu - incorrect values
04-02-2023 14:53:18 - user_interface - ERROR - menu - incorrect values
04-02-2023 14:53:32 - user_interface - ERROR - menu - incorrect values
04-02-2023 14:53:34 - user_interface - ERROR - menu - incorrect values
04-02-2023 14:53:35 - user_interface - ERROR - menu - incorrect values
04-02-2023 14:53:36 - user_interface - INFO - menu - menu staff
04-02-2023 14:53:38 - user_interface - INFO - menu - Start info sistem
04-02-2023 14:53:39 - user_interface - ERROR - menu - incorrect values
04-02-2023 14:53:40 - user_interface - ERROR - menu - incorrect values
04-02-2023 14:53:41 - user_interface - ERROR - menu - incorrect values
04-02-2023 14:53:45 - user_interface - INFO - menu - Start info sistem
04-02-2023 14:53:47 - user_interface - INFO - menu - exit programm
04-02-2023 14:53:51 - user_interface - INFO - menu - Start info sistem
04-02-2023 14:53:52 - user_interface - INFO - menu - menu staff
04-02-2023 14:55:54 - user_interface - INFO - menu - Start info sistem
04-02-2023 14:55:56 - user_interface - INFO - menu - menu staff
04-02-2023 15:29:40 - user_interface - INFO - menu - Start info sistem
04-02-2023 15:30:09 - user_interface - INFO - menu - menu service
04-02-2023 15:32:39 - user_interface - INFO - menu - Start info sistem
04-02-2023 15:32:43 - user_interface - INFO - menu - menu service
04-02-2023 15:38:37 - user_interface - INFO - menu - Start info sistem
04-02-2023 15:38:39 - user_interface - INFO - menu - menu service
04-02-2023 15:41:12 - user_interface - INFO - menu - Start info sistem
04-02-2023 15:41:16 - user_interface - INFO - menu - menu customer record
04-02-2023 15:42:28 - user_interface - INFO - menu - Start info sistem
04-02-2023 15:42:36 - user_interface - INFO - menu - menu customer record
04-02-2023 15:50:39 - user_interface - INFO - menu - Start info sistem
04-02-2023 15:50:46 - user_interface - INFO - menu - menu customer record
04-02-2023 15:51:49 - user_interface - INFO - menu - Start info sistem
04-02-2023 15:51:52 - user_interface - INFO - menu - menu staff
04-02-2023 15:52:26 - user_interface - INFO - menu - Start info sistem
04-02-2023 15:52:28 - user_interface - INFO - menu - exit programm
